d:\code\warclient\warclient\x64\debug\settingchoose.obj
d:\code\warclient\warclient\x64\debug\baseobject.obj
d:\code\warclient\warclient\x64\debug\main.obj
d:\code\warclient\warclient\x64\debug\dboperator.obj
d:\code\warclient\warclient\x64\debug\scenarioedit.obj
d:\code\warclient\warclient\x64\debug\warclient.obj
d:\code\warclient\warclient\x64\debug\addmodel.obj
d:\code\warclient\warclient\x64\debug\warengine.obj
d:\code\warclient\warclient\x64\debug\vc143.pdb
d:\code\warclient\warclient\x64\debug\moc_warclient.obj
d:\code\warclient\warclient\x64\debug\moc_scenarioedit.obj
d:\code\warclient\warclient\x64\debug\qrc_warclient.obj
d:\code\warclient\warclient\x64\debug\moc_addmodel.obj
d:\code\warclient\warclient\x64\debug\moc_settingchoose.obj
d:\code\warclient\warclient\x64\debug\moc_warengine.obj
d:\code\warclient\warclient\x64\debug\moc_situation2d.obj
d:\code\warclient\warclient\x64\debug\situation2d.obj
d:\code\warclient\warclient\x64\debug\netmanager.obj
d:\code\warclient\warclient\x64\debug\moc_netmanager.obj
d:\code\warclient\warclient\x64\debug\moc\moc_situation2d.cpp
d:\code\warclient\warclient\x64\debug\moc\moc_settingchoose.cpp
d:\code\warclient\warclient\x64\debug\moc\moc_scenarioedit.cpp
d:\code\warclient\warclient\x64\debug\moc\moc_warengine.cpp
d:\code\warclient\warclient\x64\debug\moc\moc_addmodel.cpp
d:\code\warclient\warclient\x64\debug\warclient.res
d:\code\warclient\warclient\x64\debug\rcc\qrc_warclient.cpp
d:\code\warclient\warclient\x64\debug\uic\ui_warclient.h
d:\code\warclient\warclient\x64\debug\uic\ui_addmodel.h
d:\code\warclient\warclient\x64\debug\uic\ui_scenarioedit.h
d:\code\warclient\warclient\x64\debug\uic\ui_settingchoose.h
d:\code\warclient\warclient\x64\debug\moc\moc_warclient.cpp
d:\code\warclient\warclient\x64\debug\uic\ui_situation2d.h
d:\code\warclient\warclient\x64\debug\moc\moc_netmanager.cpp
d:\code\warclient\x64\debug\warclient.pdb
d:\code\warclient\warclient\x64\debug\warclient.tlog\cl.command.1.tlog
d:\code\warclient\warclient\x64\debug\warclient.tlog\cl.read.1.tlog
d:\code\warclient\warclient\x64\debug\warclient.tlog\cl.write.1.tlog
d:\code\warclient\warclient\x64\debug\warclient.tlog\link.18348-cvtres.read.1.tlog
d:\code\warclient\warclient\x64\debug\warclient.tlog\link.18348-cvtres.write.1.tlog
d:\code\warclient\warclient\x64\debug\warclient.tlog\link.18348-rc.read.1.tlog
d:\code\warclient\warclient\x64\debug\warclient.tlog\link.18348-rc.write.1.tlog
d:\code\warclient\warclient\x64\debug\warclient.tlog\link.18348.read.1.tlog
d:\code\warclient\warclient\x64\debug\warclient.tlog\link.18348.read.2.tlog
d:\code\warclient\warclient\x64\debug\warclient.tlog\link.18348.write.1.tlog
d:\code\warclient\warclient\x64\debug\warclient.tlog\link.command.1.tlog
d:\code\warclient\warclient\x64\debug\warclient.tlog\link.read.1.tlog
d:\code\warclient\warclient\x64\debug\warclient.tlog\link.write.1.tlog
d:\code\warclient\warclient\x64\debug\warclient.tlog\moc.read.1u.tlog
d:\code\warclient\warclient\x64\debug\warclient.tlog\moc.write.1u.tlog
d:\code\warclient\warclient\x64\debug\warclient.tlog\rc.command.1.tlog
d:\code\warclient\warclient\x64\debug\warclient.tlog\rc.read.1.tlog
d:\code\warclient\warclient\x64\debug\warclient.tlog\rc.write.1.tlog
d:\code\warclient\warclient\x64\debug\warclient.tlog\rcc.read.1u.tlog
d:\code\warclient\warclient\x64\debug\warclient.tlog\rcc.write.1u.tlog
d:\code\warclient\warclient\x64\debug\warclient.tlog\uic.read.1u.tlog
d:\code\warclient\warclient\x64\debug\warclient.tlog\uic.write.1u.tlog
d:\code\warclient\warclient\x64\debug\warclient.tlog\warclient.write.1u.tlog
